<?xml version="1.0" encoding="UTF-8"?>
<!-- Generated by org.testng.reporters.JUnitXMLReporter -->
<testsuite ignored="0" hostname="Ajay" failures="0" tests="3" name="parallel" time="0.073" errors="0" timestamp="2021-08-24T17:14:52 IST">
  <testcase classname="com.vtiger.genericutilities.BaseClass" name="@BeforeClass configBC" time="0.042">
    <failure type="java.lang.IllegalStateException" message="The path to the driver executable must be set by the webdriver.ie.driver system property; for more information, see https://github.com/SeleniumHQ/selenium/wiki/InternetExplorerDriver. The latest version can be downloaded from http://selenium-release.storage.googleapis.com/index.html">
      <![CDATA[java.lang.IllegalStateException: The path to the driver executable must be set by the webdriver.ie.driver system property; for more information, see https://github.com/SeleniumHQ/selenium/wiki/InternetExplorerDriver. The latest version can be downloaded from http://selenium-release.storage.googleapis.com/index.html
at com.google.common.base.Preconditions.checkState(Preconditions.java:847)
at org.openqa.selenium.remote.service.DriverService.findExecutable(DriverService.java:134)
at org.openqa.selenium.ie.InternetExplorerDriverService.access$000(InternetExplorerDriverService.java:35)
at org.openqa.selenium.ie.InternetExplorerDriverService$Builder.findDefaultExecutable(InternetExplorerDriverService.java:175)
at org.openqa.selenium.remote.service.DriverService$Builder.build(DriverService.java:355)
at org.openqa.selenium.ie.InternetExplorerDriver.setupService(InternetExplorerDriver.java:281)
at org.openqa.selenium.ie.InternetExplorerDriver.<init>(InternetExplorerDriver.java:211)
at org.openqa.selenium.ie.InternetExplorerDriver.<init>(InternetExplorerDriver.java:150)
at com.vtiger.genericutilities.BaseClass.configBC(BaseClass.java:50)
at java.base/java.util.ArrayList.forEach(ArrayList.java:1507)
at java.base/java.util.concurrent.FutureTask.run(FutureTask.java:264)
at java.base/java.util.concurrent.ThreadPoolExecutor.runWorker(ThreadPoolExecutor.java:1128)
at java.base/java.util.concurrent.ThreadPoolExecutor$Worker.run(ThreadPoolExecutor.java:628)
at java.base/java.lang.Thread.run(Thread.java:830)
... Removed 16 stack frames]]>
    </failure>
  </testcase> <!-- @BeforeClass configBC -->
  <testcase classname="com.vtiger.genericutilities.BaseClass" name="@BeforeMethod configBM" time="-1.629805492716E9">
    <skipped/>
  </testcase> <!-- @BeforeMethod configBM -->
  <testcase classname="com.vtiger.genericutilities.BaseClass" name="@AfterMethod configAM" time="-1.62980549272E9">
    <skipped/>
  </testcase> <!-- @AfterMethod configAM -->
  <testcase classname="com.vtiger.genericutilities.BaseClass" name="@BeforeMethod configBM" time="-1.629805492721E9">
    <skipped/>
  </testcase> <!-- @BeforeMethod configBM -->
  <testcase classname="com.vtiger.genericutilities.BaseClass" name="@AfterMethod configAM" time="-1.629805492724E9">
    <skipped/>
  </testcase> <!-- @AfterMethod configAM -->
  <testcase classname="com.vtiger.genericutilities.BaseClass" name="@BeforeMethod configBM" time="-1.629805492725E9">
    <skipped/>
  </testcase> <!-- @BeforeMethod configBM -->
  <testcase classname="com.vtiger.genericutilities.BaseClass" name="@AfterMethod configAM" time="-1.629805492728E9">
    <skipped/>
  </testcase> <!-- @AfterMethod configAM -->
  <testcase classname="com.vtiger.genericutilities.BaseClass" name="@AfterClass configAC" time="-1.629805492729E9">
    <skipped/>
  </testcase> <!-- @AfterClass configAC -->
  <testcase classname="com.vtiger.leadtest.createlead.CreatNewLead2" name="CreatLeadDiffLeadSrcTest" time="0.0">
    <skipped/>
  </testcase> <!-- CreatLeadDiffLeadSrcTest -->
  <testcase classname="com.vtiger.leadtest.createlead.CreatNewLead2" name="creatLeadLeavingMandatoryFieldTest" time="0.0">
    <skipped/>
  </testcase> <!-- creatLeadLeavingMandatoryFieldTest -->
  <testcase classname="com.vtiger.leadtest.createlead.CreatNewLead2" name="createLeadAllFieldBlankTest" time="0.0">
    <skipped/>
  </testcase> <!-- createLeadAllFieldBlankTest -->
</testsuite> <!-- parallel -->
