<?xml version="1.0" encoding="UTF-8"?>
<!-- Generated by org.testng.reporters.JUnitXMLReporter -->
<testsuite ignored="0" hostname="Ajay" failures="0" tests="3" name="Test Runner-msEdge" time="0.168" errors="0" timestamp="2021-08-24T18:12:40 IST">
  <testcase classname="com.vtiger.genericutilities.BaseClass" name="@BeforeClass configBC" time="0.073">
    <failure type="java.lang.IllegalStateException" message="The path to the driver executable must be set by the webdriver.edge.driver system property; for more information, see https://github.com/SeleniumHQ/selenium/wiki/MicrosoftWebDriver. The latest version can be downloaded from http://go.microsoft.com/fwlink/?LinkId=619687">
      <![CDATA[java.lang.IllegalStateException: The path to the driver executable must be set by the webdriver.edge.driver system property; for more information, see https://github.com/SeleniumHQ/selenium/wiki/MicrosoftWebDriver. The latest version can be downloaded from http://go.microsoft.com/fwlink/?LinkId=619687
at com.google.common.base.Preconditions.checkState(Preconditions.java:847)
at org.openqa.selenium.remote.service.DriverService.findExecutable(DriverService.java:134)
at org.openqa.selenium.edge.EdgeDriverService.access$000(EdgeDriverService.java:37)
at org.openqa.selenium.edge.EdgeDriverService$Builder.findDefaultExecutable(EdgeDriverService.java:90)
at org.openqa.selenium.remote.service.DriverService$Builder.build(DriverService.java:355)
at org.openqa.selenium.edge.EdgeDriverService.createDefaultService(EdgeDriverService.java:70)
at org.openqa.selenium.edge.EdgeDriver.<init>(EdgeDriver.java:96)
at com.vtiger.genericutilities.BaseClass.configBC(BaseClass.java:51)
at java.base/java.util.ArrayList.forEach(ArrayList.java:1507)
at java.base/java.util.concurrent.FutureTask.run(FutureTask.java:264)
at java.base/java.util.concurrent.ThreadPoolExecutor.runWorker(ThreadPoolExecutor.java:1128)
at java.base/java.util.concurrent.ThreadPoolExecutor$Worker.run(ThreadPoolExecutor.java:628)
at java.base/java.lang.Thread.run(Thread.java:830)
... Removed 16 stack frames]]>
    </failure>
  </testcase> <!-- @BeforeClass configBC -->
  <testcase classname="com.vtiger.genericutilities.BaseClass" name="@BeforeMethod configBM" time="-1.629808960825E9">
    <skipped/>
  </testcase> <!-- @BeforeMethod configBM -->
  <testcase classname="com.vtiger.genericutilities.BaseClass" name="@AfterMethod configAM" time="-1.629808960836E9">
    <skipped/>
  </testcase> <!-- @AfterMethod configAM -->
  <testcase classname="com.vtiger.genericutilities.BaseClass" name="@BeforeMethod configBM" time="-1.62980896084E9">
    <skipped/>
  </testcase> <!-- @BeforeMethod configBM -->
  <testcase classname="com.vtiger.genericutilities.BaseClass" name="@AfterMethod configAM" time="-1.629808960846E9">
    <skipped/>
  </testcase> <!-- @AfterMethod configAM -->
  <testcase classname="com.vtiger.genericutilities.BaseClass" name="@BeforeMethod configBM" time="-1.629808960849E9">
    <skipped/>
  </testcase> <!-- @BeforeMethod configBM -->
  <testcase classname="com.vtiger.genericutilities.BaseClass" name="@AfterMethod configAM" time="-1.629808960856E9">
    <skipped/>
  </testcase> <!-- @AfterMethod configAM -->
  <testcase classname="com.vtiger.genericutilities.BaseClass" name="@AfterClass configAC" time="-1.62980896086E9">
    <skipped/>
  </testcase> <!-- @AfterClass configAC -->
  <testcase classname="com.vtiger.leadtest.createlead.CreatNewLead2" name="CreatLeadDiffLeadSrcTest" time="0.0">
    <skipped/>
  </testcase> <!-- CreatLeadDiffLeadSrcTest -->
  <testcase classname="com.vtiger.leadtest.createlead.CreatNewLead2" name="creatLeadLeavingMandatoryFieldTest" time="0.0">
    <skipped/>
  </testcase> <!-- creatLeadLeavingMandatoryFieldTest -->
  <testcase classname="com.vtiger.leadtest.createlead.CreatNewLead2" name="createLeadAllFieldBlankTest" time="0.0">
    <skipped/>
  </testcase> <!-- createLeadAllFieldBlankTest -->
</testsuite> <!-- Test Runner-msEdge -->
