<?xml version="1.0" encoding="UTF-8"?>
<!-- Generated by org.testng.reporters.JUnitXMLReporter -->
<testsuite ignored="1" hostname="Ajay" failures="0" tests="2" name="Test" time="3.351" errors="0" timestamp="2021-08-27T18:30:43 IST">
  <testcase classname="com.vtiger.genericutilities.BaseClass" name="@BeforeMethod configBM" time="1.479">
    <failure type="org.openqa.selenium.WebDriverException" message="unknown error: cannot determine loading status
from disconnected: received Inspector.detached event
  (Session info: chrome=92.0.4515.159)
Build info: version: &amp;apos;3.141.59&amp;apos;, revision: &amp;apos;e82be7d358&amp;apos;, time: &amp;apos;2018-11-14T08:17:03&amp;apos;
System info: host: &amp;apos;AJAY&amp;apos;, ip: &amp;apos;192.168.113.1&amp;apos;, os.name: &amp;apos;Windows 10&amp;apos;, os.arch: &amp;apos;amd64&amp;apos;, os.version: &amp;apos;10.0&amp;apos;, java.version: &amp;apos;13.0.2&amp;apos;
Driver info: org.openqa.selenium.chrome.ChromeDriver
Capabilities {acceptInsecureCerts: false, browserName: chrome, browserVersion: 92.0.4515.159, chrome: {chromedriverVersion: 91.0.4472.19 (1bf021f248676..., userDataDir: C:\Users\ajayb\AppData\Loca...}, goog:chromeOptions: {debuggerAddress: localhost:54096}, javascriptEnabled: true, networkConnectionEnabled: false, pageLoadStrategy: normal, platform: WINDOWS, platformName: WINDOWS, proxy: Proxy(), setWindowRect: true, strictFileInteractability: false, timeouts: {implicit: 0, pageLoad: 300000, script: 30000}, unhandledPromptBehavior: dismiss and notify, webauthn:extension:largeBlob: true, webauthn:virtualAuthenticators: true}
Session ID: bdbafaf2698f548447ff119d9e59f2fd">
      <![CDATA[org.openqa.selenium.WebDriverException: unknown error: cannot determine loading status
from disconnected: received Inspector.detached event
  (Session info: chrome=92.0.4515.159)
Build info: version: '3.141.59', revision: 'e82be7d358', time: '2018-11-14T08:17:03'
System info: host: 'AJAY', ip: '192.168.113.1', os.name: 'Windows 10', os.arch: 'amd64', os.version: '10.0', java.version: '13.0.2'
Driver info: org.openqa.selenium.chrome.ChromeDriver
Capabilities {acceptInsecureCerts: false, browserName: chrome, browserVersion: 92.0.4515.159, chrome: {chromedriverVersion: 91.0.4472.19 (1bf021f248676..., userDataDir: C:\Users\ajayb\AppData\Loca...}, goog:chromeOptions: {debuggerAddress: localhost:54096}, javascriptEnabled: true, networkConnectionEnabled: false, pageLoadStrategy: normal, platform: WINDOWS, platformName: WINDOWS, proxy: Proxy(), setWindowRect: true, strictFileInteractability: false, timeouts: {implicit: 0, pageLoad: 300000, script: 30000}, unhandledPromptBehavior: dismiss and notify, webauthn:extension:largeBlob: true, webauthn:virtualAuthenticators: true}
Session ID: bdbafaf2698f548447ff119d9e59f2fd
at org.openqa.selenium.remote.http.W3CHttpResponseCodec.createException(W3CHttpResponseCodec.java:187)
at org.openqa.selenium.remote.http.W3CHttpResponseCodec.decode(W3CHttpResponseCodec.java:122)
at org.openqa.selenium.remote.http.W3CHttpResponseCodec.decode(W3CHttpResponseCodec.java:49)
at org.openqa.selenium.remote.HttpCommandExecutor.execute(HttpCommandExecutor.java:158)
at org.openqa.selenium.remote.service.DriverCommandExecutor.execute(DriverCommandExecutor.java:83)
at org.openqa.selenium.remote.RemoteWebDriver.execute(RemoteWebDriver.java:552)
at org.openqa.selenium.remote.RemoteWebDriver.get(RemoteWebDriver.java:277)
at com.vtiger.genericutilities.BaseClass.configBM(BaseClass.java:84)
at java.base/java.util.ArrayList.forEach(ArrayList.java:1507)
... Removed 36 stack frames]]>
    </failure>
  </testcase> <!-- @BeforeMethod configBM -->
  <testcase classname="com.vtiger.genericutilities.BaseClass" name="@AfterMethod configAM" time="-1.630069243935E9">
    <skipped/>
  </testcase> <!-- @AfterMethod configAM -->
  <testcase classname="com.vtiger.genericutilities.BaseClass" name="@BeforeMethod configBM" time="-1.630069243939E9">
    <skipped/>
  </testcase> <!-- @BeforeMethod configBM -->
  <testcase classname="com.vtiger.genericutilities.BaseClass" name="@AfterMethod configAM" time="-1.630069243951E9">
    <skipped/>
  </testcase> <!-- @AfterMethod configAM -->
  <testcase classname="com.vtiger.genericutilities.BaseClass" name="@AfterClass configAC" time="-1.630069243954E9">
    <skipped/>
  </testcase> <!-- @AfterClass configAC -->
  <testcase classname="com.vtiger.leadtest.createlead.CreatNewLeadTest" name="creatLeadLeavingMandatoryFieldTest" time="0.0">
    <skipped/>
  </testcase> <!-- creatLeadLeavingMandatoryFieldTest -->
  <testcase classname="com.vtiger.leadtest.createlead.CreatNewLeadTest" name="createLeadAllFieldBlankTest" time="0.0">
    <skipped/>
  </testcase> <!-- createLeadAllFieldBlankTest -->
  <testcase classname="com.vtiger.leadtest.createlead.CreatNewLeadTest" name="CreatLeadDiffLeadSrcTest" time="0.0">
    <ignored/>
  </testcase> <!-- CreatLeadDiffLeadSrcTest -->
</testsuite> <!-- Test -->
